
SQL*Loader: Release 21.0.0.0.0 - Production on 星期日 6月 26 22:15:17 2022
Version 21.3.0.0.0

Copyright (c) 1982, 2021, Oracle and/or its affiliates.  All rights reserved.

控制文件:      pr_categories.ctl
数据文件:      ./pr_categories.csv
  错误文件:    pr_categories.bad
  废弃文件:    未作指定
 
(可废弃所有记录)

要加载的数: ALL
要跳过的数: 1
允许的错误: 50
绑定数组: 1024 行, 最大 1048576 字节
继续:    未作指定
所用路径:       常规

表 "PR_CATEGORIES",已加载从每个逻辑记录
插入选项对此表 REPLACE 生效
TRAILING NULLCOLS 选项生效

   列名                  位置   长度  中止 包装 数据类型
------------------------------ ---------- ----- ---- ---- ---------------------
CATEGORY_ID                         FIRST     *   ,  O (') CHARACTER            
CATEGORY_NAME                        NEXT     *  WHT O (') CHARACTER            


表 "PR_CATEGORIES":
  已成功载入 7 行。
  由于数据错误, 0 行 没有加载。
  由于所有 WHEN 子句失败, 0 行 没有加载。
  由于所有字段都为空值, 0 行 没有加载。


为绑定数组分配的空间:                528384 字节 (1024 行)
读取   缓冲区字节数: 1048576

跳过的逻辑记录总数:          1
读取的逻辑记录总数:             7
拒绝的逻辑记录总数:          0
废弃的逻辑记录总数:        0

从 星期日 6月  26 22:15:17 2022 开始运行
在 星期日 6月  26 22:15:17 2022 处运行结束

经过时间为: 00: 00: 00.11
CPU 时间为: 00: 00: 00.06
